<?xml version="1.0" encoding="UTF-8"?>
<testsuite xmlns:xsi="http://www.w3.org/2001/XMLSchema-instance" xsi:noNamespaceSchemaLocation="https://maven.apache.org/surefire/maven-surefire-plugin/xsd/surefire-test-report.xsd" name="in.ac.iitd.db362.query.MyNewOptimzerTest" time="4.74" tests="1" errors="1" skipped="0" failures="0">
  <properties>
[...]
</properties>
  <testcase name="test1" classname="in.ac.iitd.db362.query.MyNewOptimzerTest" time="4.739">
    <error message="Cannot invoke &quot;java.util.Collection.size()&quot; because &quot;c&quot; is null" type="java.lang.NullPointerException">java.lang.NullPointerException: Cannot invoke "java.util.Collection.size()" because "c" is null
	at in.ac.iitd.db362.query.MyNewOptimzerTest.test1(MyNewOptimzerTest.java:119)
</error>
    <system-out><![CDATA[[main] INFO  in.ac.iitd.db362.storage.DataLoader - Created column statistics for c_customer_id of type integer
[main] INFO  in.ac.iitd.db362.storage.DataLoader - Created column statistics for c_name of type string
[main] INFO  in.ac.iitd.db362.storage.DataLoader - Created column statistics for c_age of type integer
[main] INFO  in.ac.iitd.db362.storage.DataLoader - Created table statistics for data/csvTables/largeCustomer.csv
[main] INFO  in.ac.iitd.db362.storage.DataLoader - Created column statistics for o_order_id of type integer
[main] INFO  in.ac.iitd.db362.storage.DataLoader - Created column statistics for o_customer_id of type integer
[main] INFO  in.ac.iitd.db362.storage.DataLoader - Created column statistics for o_product_id of type integer
[main] INFO  in.ac.iitd.db362.storage.DataLoader - Created table statistics for data/csvTables/largeOrders.csv
[main] INFO  in.ac.iitd.db362.storage.DataLoader - Created column statistics for p_product_id of type integer
[main] INFO  in.ac.iitd.db362.storage.DataLoader - Created column statistics for p_product_name of type string
[main] INFO  in.ac.iitd.db362.storage.DataLoader - Created column statistics for p_price of type double
[main] INFO  in.ac.iitd.db362.storage.DataLoader - Created table statistics for data/csvTables/largeProduct.csv
[main] INFO  in.ac.iitd.db362.optimizer.BasicOptimizer - Optimizing Plan:
Sink: data/output/test_customer_orders_product_join_with_price_filter_output_optimizer_with_join_optimization.csv
  Project: c_name, p_product_name
    Filter: ComparisonPredicate[leftOperand=p_price, operator='>', rightOperand=20]
      Filter: ComparisonPredicate[leftOperand=c_age, operator='>', rightOperand=30]
        Join: EqualityJoinPredicate[leftColumn='o_product_id', rightColumn='p_product_id']
          Join: EqualityJoinPredicate[leftColumn='o_customer_id', rightColumn='c_customer_id']
            Scan: data/csvTables/largeOrders.csv
            Scan: data/csvTables/largeCustomer.csv
          Scan: data/csvTables/largeProduct.csv

]]></system-out>
  </testcase>
</testsuite>